<?xml version="1.0" encoding="UTF-8"?>
<testng-results ignored="0" total="1" passed="1" failed="0" skipped="0">
  <reporter-output>
  </reporter-output>
  <suite started-at="2022-06-19T23:45:09 PDT" name="Default suite" finished-at="2022-06-19T23:45:12 PDT" duration-ms="3503">
    <groups>
    </groups>
    <test started-at="2022-06-19T23:45:09 PDT" name="Default test" finished-at="2022-06-19T23:45:12 PDT" duration-ms="3503">
      <class name="pom.test.TakeScrrenShot">
        <test-method signature="Test_001()[pri:0, instance:pom.test.TakeScrrenShot@3ba9ad43]" started-at="2022-06-19T23:45:09 PDT" name="Test_001" finished-at="2022-06-19T23:45:12 PDT" duration-ms="3465" status="PASS">
          <reporter-output>
          </reporter-output>
        </test-method> <!-- Test_001 -->
      </class> <!-- pom.test.TakeScrrenShot -->
    </test> <!-- Default test -->
  </suite> <!-- Default suite -->
</testng-results>
